<?xml version="1.0" encoding="utf-8"?><testsuites name="pytest tests"><testsuite name="pytest" errors="0" failures="0" skipped="0" tests="18" time="4.087" timestamp="2026-03-09T20:20:00.843457+00:00" hostname="agent-env-a1c76eff-a64b-4f68-933f-eecc87d2ac71"><testcase classname="backend.tests.test_portfolio_api.TestHealthEndpoint" name="test_health_check" time="0.250" /><testcase classname="backend.tests.test_portfolio_api.TestContentAPIs" name="test_get_all_content" time="0.138" /><testcase classname="backend.tests.test_portfolio_api.TestContentAPIs" name="test_get_about_content" time="0.136" /><testcase classname="backend.tests.test_portfolio_api.TestContentAPIs" name="test_get_education_content" time="0.142" /><testcase classname="backend.tests.test_portfolio_api.TestContentAPIs" name="test_get_experience_content" time="0.177" /><testcase classname="backend.tests.test_portfolio_api.TestContentAPIs" name="test_get_projects_content" time="0.146" /><testcase classname="backend.tests.test_portfolio_api.TestContentAPIs" name="test_get_skills_content" time="0.132" /><testcase classname="backend.tests.test_portfolio_api.TestAdminAuthentication" name="test_admin_login_success" time="0.123" /><testcase classname="backend.tests.test_portfolio_api.TestAdminAuthentication" name="test_admin_login_invalid_credentials" time="0.115" /><testcase classname="backend.tests.test_portfolio_api.TestAdminAuthentication" name="test_admin_verify_valid_token" time="0.340" /><testcase classname="backend.tests.test_portfolio_api.TestAdminAuthentication" name="test_admin_verify_invalid_token" time="0.128" /><testcase classname="backend.tests.test_portfolio_api.TestVisitorTracking" name="test_track_visitor" time="0.158" /><testcase classname="backend.tests.test_portfolio_api.TestVisitorTracking" name="test_get_visitor_stats" time="0.115" /><testcase classname="backend.tests.test_portfolio_api.TestAdminCRUDOperations" name="test_update_about_section" time="0.364" /><testcase classname="backend.tests.test_portfolio_api.TestAdminCRUDOperations" name="test_add_education_entry" time="0.376" /><testcase classname="backend.tests.test_portfolio_api.TestAdminCRUDOperations" name="test_add_experience_entry" time="0.358" /><testcase classname="backend.tests.test_portfolio_api.TestAdminCRUDOperations" name="test_add_project_entry" time="0.424" /><testcase classname="backend.tests.test_portfolio_api.TestAdminCRUDOperations" name="test_add_skill_category" time="0.340" /></testsuite></testsuites>